mysqld: Deprecated program name. It will be removed in a future release, use '/data/data/com.termux/files/usr/bin/mariadbd' instead
2024-04-22 16:36:36 0 [Note] Starting MariaDB 11.3.2-MariaDB source revision 068a6819eb63bcb01fdfa037c9bf3bf63c33ee42 as process 9725
2024-04-22 16:36:36 0 [Note] InnoDB: Compressed tables use zlib 1.3.1
2024-04-22 16:36:36 0 [Note] InnoDB: Number of transaction pools: 1
2024-04-22 16:36:36 0 [Note] InnoDB: Using generic crc32 instructions
2024-04-22 16:36:36 0 [Note] InnoDB: Initializing buffer pool, total size = 128.000MiB, chunk size = 2.000MiB
2024-04-22 16:36:36 0 [Note] InnoDB: Completed initialization of buffer pool
2024-04-22 16:36:36 0 [Note] InnoDB: Buffered log writes (block size=512 bytes)
2024-04-22 16:36:36 0 [Note] InnoDB: Starting crash recovery from checkpoint LSN=46348
2024-04-22 16:36:36 0 [Note] InnoDB: End of log at LSN=47823
2024-04-22 16:36:36 0 [Note] InnoDB: To recover: 22 pages
2024-04-22 16:36:36 0 [Note] InnoDB: Opened 3 undo tablespaces
2024-04-22 16:36:36 0 [Note] InnoDB: 128 rollback segments in 3 undo tablespaces are active.
2024-04-22 16:36:36 0 [Note] InnoDB: Removed temporary tablespace data file: "./ibtmp1"
2024-04-22 16:36:36 0 [Note] InnoDB: Setting file './ibtmp1' size to 12.000MiB. Physically writing the file full; Please wait ...
2024-04-22 16:36:36 0 [Note] InnoDB: File './ibtmp1' size is now 12.000MiB.
2024-04-22 16:36:36 0 [Note] InnoDB: log sequence number 47823; transaction id 15
2024-04-22 16:36:36 0 [Note] Plugin 'FEEDBACK' is disabled.
2024-04-22 16:36:36 0 [Note] InnoDB: Loading buffer pool(s) from /data/data/com.termux/files/usr/var/lib/mysql/ib_buffer_pool
2024-04-22 16:36:36 0 [Note] Recovering after a crash using tc.log
2024-04-22 16:36:36 0 [Note] Starting table crash recovery...
2024-04-22 16:36:36 0 [Note] Crash table recovery finished.
2024-04-22 16:36:36 0 [Note] InnoDB: Buffer pool(s) load completed at 240422 16:36:36
2024-04-22 16:36:36 0 [Note] Server socket created on IP: '::'.
2024-04-22 16:36:36 0 [Note] Server socket created on IP: '0.0.0.0'.
2024-04-22 16:36:36 0 [Note] mysqld: Event Scheduler: Loaded 0 events
2024-04-22 16:36:36 0 [Note] mysqld: ready for connections.
Version: '11.3.2-MariaDB'  socket: '/data/data/com.termux/files/usr/var/run/mysqld.sock'  port: 3306  MariaDB Server
